build/app/intermediates/manifest_merge_blame_file/debug/manifest-merger-blame-debug-report.txt
1<?xml version="1.0" encoding="utf-8"?>
2<manifest xmlns:android="http://schemas.android.com/apk/res/android"
3    package="com.example.leads_profile_flutter"
4    android:versionCode="1"
5    android:versionName="1.0.0" >
6
7    <uses-sdk
8        android:minSdkVersion="21"
9        android:targetSdkVersion="33" />
10    <!--
11         The INTERNET permission is required for development. Specifically,
12         the Flutter tool needs it to communicate with the running application
13         to allow setting breakpoints, to provide hot reload, etc.
14    -->
15    <uses-permission android:name="android.permission.INTERNET" />
15-->src\debug\AndroidManifest.xml:7:5-66
15-->src\debug\AndroidManifest.xml:7:22-64
16    <!-- queries에 카카오톡 패키지 추가 -->
17    <queries>
17-->src\main\AndroidManifest.xml:62:5-64:15
18        <package android:name="com.kakao.talk" />
18-->src\main\AndroidManifest.xml:63:9-50
18-->src\main\AndroidManifest.xml:63:18-47
19        <package android:name="com.kakao.onetalk" />
19-->[:kakao_flutter_sdk_common] AndroidManifest.xml:11:9-53
19-->[:kakao_flutter_sdk_common] AndroidManifest.xml:11:18-50
20        <package android:name="com.locnall.KimGiSa" />
20-->[:kakao_flutter_sdk_common] AndroidManifest.xml:12:9-55
20-->[:kakao_flutter_sdk_common] AndroidManifest.xml:12:18-52
21        <package android:name="com.lguplus.navi" />
21-->[:kakao_flutter_sdk_common] AndroidManifest.xml:13:9-52
21-->[:kakao_flutter_sdk_common] AndroidManifest.xml:13:18-49
22
23        <intent>
23-->[:kakao_flutter_sdk_common] AndroidManifest.xml:15:9-21:18
24            <action android:name="android.intent.action.VIEW" />
24-->[:kakao_flutter_sdk_common] AndroidManifest.xml:16:13-65
24-->[:kakao_flutter_sdk_common] AndroidManifest.xml:16:21-62
25
26            <category android:name="android.intent.category.BROWSABLE" />
26-->[:kakao_flutter_sdk_common] AndroidManifest.xml:18:13-74
26-->[:kakao_flutter_sdk_common] AndroidManifest.xml:18:23-71
27
28            <data android:scheme="https" />
28-->[:kakao_flutter_sdk_common] AndroidManifest.xml:20:13-44
28-->[:kakao_flutter_sdk_common] AndroidManifest.xml:20:19-41
29        </intent>
30    </queries>
31
32    <application
33        android:name="android.app.Application"
34        android:appComponentFactory="androidx.core.app.CoreComponentFactory"
34-->[androidx.core:core:1.6.0] AndroidManifest.xml:24:18-86
35        android:debuggable="true"
36        android:icon="@mipmap/ic_launcher"
37        android:label="leads_profile_flutter" >
38        <activity
39            android:name="com.example.leads_profile_flutter.MainActivity"
40            android:configChanges="orientation|keyboardHidden|keyboard|screenSize|smallestScreenSize|locale|layoutDirection|fontScale|screenLayout|density|uiMode"
41            android:exported="true"
42            android:hardwareAccelerated="true"
43            android:launchMode="singleTop"
44            android:theme="@style/LaunchTheme"
45            android:windowSoftInputMode="adjustResize" >
46
47            <!--
48                 Specifies an Android theme to apply to this Activity as soon as
49                 the Android process has started. This theme is visible to the user
50                 while the Flutter UI initializes. After that, this theme continues
51                 to determine the Window background behind the Flutter UI.
52            -->
53            <meta-data
54                android:name="io.flutter.embedding.android.NormalTheme"
55                android:resource="@style/NormalTheme" />
56
57            <intent-filter>
58                <action android:name="android.intent.action.MAIN" />
59
60                <category android:name="android.intent.category.LAUNCHER" />
61            </intent-filter>
62        </activity>
63        <!--
64             Don't delete the meta-data below.
65             This is used by the Flutter tool to generate GeneratedPluginRegistrant.java
66        -->
67        <activity
68            android:name="com.kakao.sdk.flutter.AuthCodeCustomTabsActivity"
69            android:exported="true"
69-->[:kakao_flutter_sdk_common] AndroidManifest.xml:33:13-36
70            android:launchMode="singleTask"
70-->[:kakao_flutter_sdk_common] AndroidManifest.xml:34:13-44
71            android:theme="@style/TransparentCompat" >
71-->[:kakao_flutter_sdk_common] AndroidManifest.xml:35:13-53
72            <intent-filter android:label="flutter_web_auth" >
73                <action android:name="android.intent.action.VIEW" />
73-->[:kakao_flutter_sdk_common] AndroidManifest.xml:16:13-65
73-->[:kakao_flutter_sdk_common] AndroidManifest.xml:16:21-62
74
75                <category android:name="android.intent.category.DEFAULT" />
76                <category android:name="android.intent.category.BROWSABLE" />
76-->[:kakao_flutter_sdk_common] AndroidManifest.xml:18:13-74
76-->[:kakao_flutter_sdk_common] AndroidManifest.xml:18:23-71
77
78                <!-- Redirect URI, "kakao${YOUR_NATIVE_APP_KEY}://oauth" 형식 -->
79                <data
79-->[:kakao_flutter_sdk_common] AndroidManifest.xml:20:13-44
80                    android:host="oauth"
81                    android:scheme="d4ec359a29a2e44d4505bd43e1a85550" />
81-->[:kakao_flutter_sdk_common] AndroidManifest.xml:20:19-41
82            </intent-filter>
83        </activity>
84        <activity
85            android:name="android.app.Application"
86            android:exported="true" >
87            <intent-filter>
88                <action android:name="android.intent.action.VIEW" />
88-->[:kakao_flutter_sdk_common] AndroidManifest.xml:16:13-65
88-->[:kakao_flutter_sdk_common] AndroidManifest.xml:16:21-62
89
90                <category android:name="android.intent.category.DEFAULT" />
91                <category android:name="android.intent.category.BROWSABLE" />
91-->[:kakao_flutter_sdk_common] AndroidManifest.xml:18:13-74
91-->[:kakao_flutter_sdk_common] AndroidManifest.xml:18:23-71
92
93                <!-- "kakao${YOUR_NATIVE_APP_KEY}://kakaolink" 형식의 앱 실행 스킴을 설정하는데 사용 -->
94                <data
94-->[:kakao_flutter_sdk_common] AndroidManifest.xml:20:13-44
95                    android:host="kakaolink"
96                    android:scheme="d4ec359a29a2e44d4505bd43e1a85550" />
96-->[:kakao_flutter_sdk_common] AndroidManifest.xml:20:19-41
97            </intent-filter>
98        </activity>
99 -->
100        <meta-data
101            android:name="flutterEmbedding"
102            android:value="2" />
103
104        <activity
104-->[:kakao_flutter_sdk_common] AndroidManifest.xml:25:9-30:56
105            android:name="com.kakao.sdk.flutter.TalkAuthCodeActivity"
105-->[:kakao_flutter_sdk_common] AndroidManifest.xml:26:13-70
106            android:configChanges="orientation|screenSize|keyboardHidden"
106-->[:kakao_flutter_sdk_common] AndroidManifest.xml:27:13-74
107            android:exported="false"
107-->[:kakao_flutter_sdk_common] AndroidManifest.xml:28:13-37
108            android:launchMode="singleTask"
108-->[:kakao_flutter_sdk_common] AndroidManifest.xml:29:13-44
109            android:theme="@style/TransparentCompat" />
109-->[:kakao_flutter_sdk_common] AndroidManifest.xml:30:13-53
110        <activity
110-->[:url_launcher_android] AndroidManifest.xml:10:9-13:74
111            android:name="io.flutter.plugins.urllauncher.WebViewActivity"
111-->[:url_launcher_android] AndroidManifest.xml:11:13-74
112            android:exported="false"
112-->[:url_launcher_android] AndroidManifest.xml:12:13-37
113            android:theme="@android:style/Theme.NoTitleBar.Fullscreen" />
113-->[:url_launcher_android] AndroidManifest.xml:13:13-71
114
115        <uses-library
115-->[androidx.window:window:1.0.0-beta04] AndroidManifest.xml:25:9-27:40
116            android:name="androidx.window.extensions"
116-->[androidx.window:window:1.0.0-beta04] AndroidManifest.xml:26:13-54
117            android:required="false" />
117-->[androidx.window:window:1.0.0-beta04] AndroidManifest.xml:27:13-37
118        <uses-library
118-->[androidx.window:window:1.0.0-beta04] AndroidManifest.xml:28:9-30:40
119            android:name="androidx.window.sidecar"
119-->[androidx.window:window:1.0.0-beta04] AndroidManifest.xml:29:13-51
120            android:required="false" />
120-->[androidx.window:window:1.0.0-beta04] AndroidManifest.xml:30:13-37
121    </application>
122
123</manifest>